<?xml version="1.0" encoding="UTF-8"?>
<!-- Generated by org.testng.reporters.JUnitReportReporter -->
<testsuite hostname="IBM-PF3DZ8GN" failures="0" tests="4" name="com.testing.PageObjects.sample" time="0.007" errors="0" timestamp="2022-12-18T17:26:11 IST" skipped="0">
  <testcase classname="com.testing.PageObjects.sample" name="test1" time="0.003"/>
  <system-out/>
  <testcase classname="com.testing.PageObjects.sample" name="test3" time="0.001"/>
  <system-out/>
  <testcase classname="com.testing.PageObjects.sample" name="test2" time="0.002"/>
  <system-out/>
  <testcase classname="com.testing.PageObjects.sample" name="test4" time="0.001"/>
  <system-out/>
</testsuite> <!-- com.testing.PageObjects.sample -->
